11:40:12 [CORE]{c}-STA: Modules dir: /opt/xplico/bin/modules
11:40:12 [CORE]{c}-STA: Tmp dir: tmp/xplico
11:40:12 [CORE]{c}-STA: Module ---> dis_pcapf.so log --> FEWS
11:40:12 [CORE]{c}-STA: Module ---> dis_pol.so log --> FEWS
11:40:12 [CORE]{c}-STA: Module ---> dis_eth.so log --> FEWS
11:40:12 [CORE]{c}-STA: Module ---> dis_mpls.so log --> FEWIS
11:40:12 [CORE]{c}-STA: Module ---> dis_pppoe.so log --> FEWITDS
11:40:12 [CORE]{c}-STA: Module ---> dis_ppp.so log --> FEWITDS
11:40:12 [CORE]{c}-STA: Module ---> dis_ip.so log --> FEWS
11:40:12 [CORE]{c}-STA: Module ---> dis_ipv6.so log --> FEWS
11:40:12 [CORE]{c}-STA: Module ---> dis_tcp_soft.so log --> FEWS
11:40:12 [CORE]{c}-STA: Module ---> dis_udp.so log --> FEWS
11:40:12 [CORE]{c}-STA: Module ---> dis_http.so log --> FEWITS
11:40:12 [CORE]{c}-STA: Module ---> dis_pop.so log --> FEWS
11:40:12 [CORE]{c}-STA: Module ---> dis_imap.so log --> FEWS
11:40:12 [CORE]{c}-STA: Module ---> dis_smtp.so log --> FEWS
11:40:12 [CORE]{c}-STA: Module ---> dis_httpfd.so log --> FEWITDS
11:40:12 [CORE]{c}-STA: Module ---> dis_sip.so log --> FEWITDS
11:40:12 [CORE]{c}-STA: Module ---> dis_rtp.so log --> FEWITDS
11:40:12 [CORE]{c}-STA: Module ---> dis_rtcp.so log --> FEWITDS
11:40:12 [CORE]{c}-STA: Module ---> dis_sdp.so log --> FEWITDS
11:40:12 [CORE]{c}-STA: Module ---> dis_l2tp.so log --> FEWITDS
11:40:12 [CORE]{c}-STA: Module ---> dis_vlan.so log --> FEWITDS
11:40:12 [CORE]{c}-STA: Module ---> dis_ftp.so log --> FEWS
11:40:12 [CORE]{c}-STA: Module ---> dis_dns.so log --> FEWS
11:40:12 [CORE]{c}-STA: Module ---> dis_icmp.so log --> FEWITDS
11:40:12 [CORE]{c}-STA: Module ---> dis_nntp.so log --> FEWITDS
11:40:12 [CORE]{c}-STA: Module ---> dis_irc.so log --> FEWITDS
11:40:12 [CORE]{c}-STA: Module ---> dis_ipp.so log --> FEWITDS
11:40:12 [CORE]{c}-STA: Module ---> dis_pjl.so log --> FEWITDS
11:40:12 [CORE]{c}-STA: Module ---> dis_mms.so log --> FEWITDS
11:40:12 [CORE]{c}-STA: Module ---> dis_sll.so log --> FEWITDS
11:40:12 [CORE]{c}-STA: Module ---> dis_tftp.so log --> FEWS
11:40:12 [CORE]{c}-STA: Module ---> dis_ieee80211.so log --> FEWITDS
11:40:12 [CORE]{c}-STA: Module ---> dis_llc.so log --> FEWITDS
11:40:12 [CORE]{c}-STA: Module ---> dis_fbwchat.so log --> FEWITDS
11:40:12 [CORE]{c}-STA: Module ---> dis_telnet.so log --> FEWITDS
11:40:12 [CORE]{c}-STA: Module ---> dis_webmail.so log --> FEWITDS
11:40:12 [CORE]{c}-STA: Module ---> dis_msn.so log --> FEWITDS
11:40:12 [CORE]{c}-STA: Module ---> dis_paltalk.so log --> FEWITDS
11:40:12 [CORE]{c}-STA: Module ---> dis_arp.so log --> FEWITDS
11:40:12 [CORE]{c}-STA: Module ---> dis_paltalk_exp.so log --> FEWITDS
11:40:12 [CORE]{c}-STA: Module ---> dis_radiotap.so log --> FEWITDS
11:40:12 [CORE]{c}-STA: Module ---> dis_icmpv6.so log --> FEWITDS
11:40:12 [CORE]{c}-STA: Module ---> dis_ppi.so log --> FEWITDS
11:40:12 [CORE]{c}-STA: Module ---> dis_syslog.so log --> FEWITDS
11:40:12 [CORE]{c}-STA: Module ---> dis_chdlc.so log --> FEWITDS
11:40:12 [CORE]{c}-STA: Module ---> dis_prism.so log --> FEWITDS
11:40:12 [CORE]{c}-STA: Module ---> dis_null.so log --> FEWS
11:40:12 [CORE]{c}-STA: Module ---> dis_webymsg.so log --> FEWITDS
11:40:12 [CORE]{c}-STA: Module ---> dis_mgcp.so log --> FEWITDS
11:40:12 [CORE]{c}-STA: Module ---> dis_wa.so log --> FEWITDS
11:40:12 [CORE]{c}-STA: Module ---> dis_tcp_grb.so log --> FEWS
11:40:12 [CORE]{c}-STA: Module ---> dis_udp_grb.so log --> FEWS
11:40:12 [CORE]{c}-ERROR: Can't load module /opt/xplico/bin/modules/dis_tcp_grb.so: undefined symbol: ndpi_detection_get_sizeof_ndpi_id_struct
11:40:12 [CORE]{c}-FATAL: Load modules failed
